<?xml version="1.0" encoding="UTF-8" standalone="no"?>
<testsuite failures="0" name="cucumber.runtime.formatter.JUnitFormatter" skipped="1" tests="1" time="0">
<testcase classname="login Page" name="checking pre condition,action and results" time="0">
<skipped><![CDATA[Given user is on SDETtraining.com home page.................................undefined
When user clicks log in button..............................................undefined
Then user is on  login.page.................................................undefined
]]></skipped>
</testcase>
</testsuite>
